2023-02-15 04:18:38,681 DEBUG Это сообщение для отладки программы
2023-02-15 04:18:38,681 INFO Информационное сообщение
2023-02-15 04:18:38,681 WARNING Предупреждение — нужно проверить, всё ли в порядке
2023-02-15 04:18:38,681 ERROR Ошибка! Что-то пошло не так
2023-02-15 04:18:38,681 CRITICAL Критическая ошибка
2023-02-15 04:18:38,682 INFO 
Запускаем get_menu
2023-02-15 04:18:42,338 INFO 
Запускаем run
2023-02-15 04:18:42,338 WARNING 
Значение воды 0
2023-02-15 04:18:42,338 INFO 
Запускаем get_menu
2023-02-15 04:18:45,351 INFO 
Запускаем get_water
2023-02-15 04:19:02,866 ERROR 
Ошибка! Введены Неверные данные в water
2023-02-15 04:19:04,043 ERROR 
Ошибка! Введены Неверные данные в water
2023-02-15 04:19:06,963 WARNING 
Значение воды 0
2023-02-15 04:19:06,963 ERROR 
Ошибка! Введены Неверные данные в water
2023-02-15 04:19:12,097 WARNING 
Значение воды 0
2023-02-15 04:19:12,097 ERROR 
Ошибка! Введены Неверные данные в water
2023-02-15 04:19:13,222 WARNING 
Значение воды 0
2023-02-15 04:19:13,222 INFO 
Запускаем get_menu
2023-02-15 04:19:14,532 INFO 
Запускаем run
